<?xml version="1.0" encoding="UTF-8"?>
<!-- Generated by org.testng.reporters.JUnitXMLReporter -->
<testsuite ignored="1" hostname="DESKTOP-9NF9LA5" failures="0" tests="11" name="TestNGconvertion" time="80.392" errors="0" timestamp="2023-01-05T12:01:29 IST">
  <testcase classname="testcase2.testngchromepractice" name="@BeforeTest beforeTest" time="3.193">
    <failure type="java.lang.IllegalStateException" message="The driver executable must exist: D:\lib\chromedriver_win32.exe">
      <![CDATA[java.lang.IllegalStateException: The driver executable must exist: D:\lib\chromedriver_win32.exe
at org.openqa.selenium.internal.Require$FileStateChecker.isFile(Require.java:345)
at org.openqa.selenium.remote.service.DriverService.checkExecutable(DriverService.java:161)
at org.openqa.selenium.remote.service.DriverService.findExecutable(DriverService.java:156)
at org.openqa.selenium.chrome.ChromeDriverService.access$000(ChromeDriverService.java:41)
at org.openqa.selenium.chrome.ChromeDriverService$Builder.findDefaultExecutable(ChromeDriverService.java:285)
at org.openqa.selenium.remote.service.DriverService$Builder.build(DriverService.java:456)
at org.openqa.selenium.chrome.ChromeDriverService.createDefaultService(ChromeDriverService.java:146)
at org.openqa.selenium.chrome.ChromeDriver.<init>(ChromeDriver.java:50)
at testcase2.testngchromepractice.beforeTest(testngchromepractice.java:17)
... Removed 24 stack frames]]>
    </failure>
  </testcase> <!-- @BeforeTest beforeTest -->
  <testcase classname="testngpac.testngdemo" name="@BeforeTest beforeTest" time="-1.672900284297E9">
    <skipped/>
  </testcase> <!-- @BeforeTest beforeTest -->
  <testcase classname="testngpac.TestNGclass2" name="@AfterTest afterTest" time="-1.672900285722E9">
    <skipped/>
  </testcase> <!-- @AfterTest afterTest -->
  <testcase classname="testngpac.TestNGdependsonmethod" name="@AfterTest afterTest" time="-1.672900285723E9">
    <skipped/>
  </testcase> <!-- @AfterTest afterTest -->
  <testcase classname="testcase2.testngchromepractice" name="@AfterTest afterTest" time="-1.672900285726E9">
    <skipped/>
  </testcase> <!-- @AfterTest afterTest -->
  <testcase classname="testngpac.testngdemo" name="@AfterTest afterTest" time="-1.672900285731E9">
    <skipped/>
  </testcase> <!-- @AfterTest afterTest -->
  <testcase classname="testcase2.testngchromepractice" name="f" time="0.0">
    <skipped/>
  </testcase> <!-- f -->
  <testcase classname="testngpac.TestNGclass2" name="searchTestNG" time="0.0">
    <skipped/>
  </testcase> <!-- searchTestNG -->
  <testcase classname="testngpac.TestNGclass2" name="searchfacebook" time="0.0">
    <skipped/>
  </testcase> <!-- searchfacebook -->
  <testcase classname="testngpac.TestNGclass2" name="searchselenium" time="0.0">
    <skipped/>
  </testcase> <!-- searchselenium -->
  <testcase classname="testngpac.TestNGdependsonmethod" name="method2" time="0.0">
    <skipped/>
  </testcase> <!-- method2 -->
  <testcase classname="testngpac.TestNGdependsonmethod" name="method3" time="0.0">
    <skipped/>
  </testcase> <!-- method3 -->
  <testcase classname="testngpac.TestNGdependsonmethod" name="method1" time="0.0">
    <skipped/>
  </testcase> <!-- method1 -->
  <testcase classname="testngpac.testngdemo" name="facebook" time="0.0">
    <skipped/>
  </testcase> <!-- facebook -->
  <testcase classname="testngpac.testngdemo" name="gmail" time="0.0">
    <skipped/>
  </testcase> <!-- gmail -->
  <testcase classname="testngpac.testngdemo" name="flipkart" time="0.0">
    <skipped/>
  </testcase> <!-- flipkart -->
  <testcase classname="testngpac.testngdemo" name="google" time="0.0">
    <skipped/>
  </testcase> <!-- google -->
  <testcase classname="testngpac.testngdemo" name="amazon" time="0.0">
    <ignored/>
  </testcase> <!-- amazon -->
</testsuite> <!-- TestNGconvertion -->
